# JRE version: Java(TM) SE Runtime Environment (8.0_181-b13) (build 1.8.0_181-b13)
# Java VM: Java HotSpot(TM) 64-Bit Server VM (25.181-b13 mixed mode linux-amd64 compressed oops)
Heap:
 garbage-first heap   total 292864K, used 213443K [0x00000000c0000000, 0x00000000c01008f0, 0x0000000100000000)
  region size 1024K, 64 young (65536K), 5 survivors (5120K)
 Metaspace       used 155002K, capacity 167802K, committed 168112K, reserved 1193984K
  class space    used 18842K, capacity 22607K, committed 22704K, reserved 1048576K
GC Heap History (10 events):
Event: 6709.220 GC heap before
{Heap before GC invocations=246 (full 0):
 garbage-first heap   total 292864K, used 257838K [0x00000000c0000000, 0x00000000c01008f0, 0x0000000100000000)
  region size 1024K, 106 young (108544K), 2 survivors (2048K)
 Metaspace       used 154104K, capacity 166732K, committed 166960K, reserved 1193984K
  class space    used 18736K, capacity 22552K, committed 22576K, reserved 1048576K
Event: 6709.237 GC heap after
Heap after GC invocations=247 (full 0):
 garbage-first heap   total 292864K, used 151693K [0x00000000c0000000, 0x00000000c01008f0, 0x0000000100000000)
  region size 1024K, 2 young (2048K), 2 survivors (2048K)
 Metaspace       used 154104K, capacity 166732K, committed 166960K, reserved 1193984K
  class space    used 18736K, capacity 22552K, committed 22576K, reserved 1048576K
}
Event: 6711.629 GC heap before
{Heap before GC invocations=247 (full 0):
 garbage-first heap   total 292864K, used 163981K [0x00000000c0000000, 0x00000000c01008f0, 0x0000000100000000)
  region size 1024K, 14 young (14336K), 2 survivors (2048K)
 Metaspace       used 154104K, capacity 166732K, committed 166960K, reserved 1193984K
  class space    used 18736K, capacity 22552K, committed 22576K, reserved 1048576K
Event: 6711.643 GC heap after
Heap after GC invocations=248 (full 0):
 garbage-first heap   total 292864K, used 150864K [0x00000000c0000000, 0x00000000c01008f0, 0x0000000100000000)
  region size 1024K, 2 young (2048K), 2 survivors (2048K)
 Metaspace       used 154104K, capacity 166732K, committed 166960K, reserved 1193984K
  class space    used 18736K, capacity 22552K, committed 22576K, reserved 1048576K
}
Event: 6721.752 GC heap before
{Heap before GC invocations=248 (full 0):
 garbage-first heap   total 292864K, used 259408K [0x00000000c0000000, 0x00000000c01008f0, 0x0000000100000000)
  region size 1024K, 108 young (110592K), 2 survivors (2048K)
 Metaspace       used 154169K, capacity 166738K, committed 166960K, reserved 1193984K
  class space    used 18737K, capacity 22553K, committed 22576K, reserved 1048576K
Event: 6721.768 GC heap after
Heap after GC invocations=249 (full 0):
 garbage-first heap   total 292864K, used 153375K [0x00000000c0000000, 0x00000000c01008f0, 0x0000000100000000)
  region size 1024K, 4 young (4096K), 4 survivors (4096K)
 Metaspace       used 154169K, capacity 166738K, committed 166960K, reserved 1193984K
  class space    used 18737K, capacity 22553K, committed 22576K, reserved 1048576K
}
Event: 6733.558 GC heap before
{Heap before GC invocations=249 (full 0):
 garbage-first heap   total 292864K, used 257823K [0x00000000c0000000, 0x00000000c01008f0, 0x0000000100000000)
  region size 1024K, 106 young (108544K), 4 survivors (4096K)
 Metaspace       used 154216K, capacity 166802K, committed 166960K, reserved 1193984K
  class space    used 18737K, capacity 22553K, committed 22576K, reserved 1048576K
Event: 6733.573 GC heap after
Heap after GC invocations=250 (full 0):
 garbage-first heap   total 292864K, used 154051K [0x00000000c0000000, 0x00000000c01008f0, 0x0000000100000000)
  region size 1024K, 5 young (5120K), 5 survivors (5120K)
 Metaspace       used 154216K, capacity 166802K, committed 166960K, reserved 1193984K
  class space    used 18737K, capacity 22553K, committed 22576K, reserved 1048576K
}
Event: 6749.373 GC heap before
{Heap before GC invocations=251 (full 0):
 garbage-first heap   total 292864K, used 256451K [0x00000000c0000000, 0x00000000c01008f0, 0x0000000100000000)
  region size 1024K, 105 young (107520K), 5 survivors (5120K)
 Metaspace       used 154290K, capacity 167018K, committed 167216K, reserved 1193984K
  class space    used 18746K, capacity 22557K, committed 22576K, reserved 1048576K
Event: 6749.387 GC heap after
Heap after GC invocations=252 (full 0):
 garbage-first heap   total 292864K, used 154051K [0x00000000c0000000, 0x00000000c01008f0, 0x0000000100000000)
  region size 1024K, 5 young (5120K), 5 survivors (5120K)
 Metaspace       used 154290K, capacity 167018K, committed 167216K, reserved 1193984K
  class space    used 18746K, capacity 22557K, committed 22576K, reserved 1048576K
}

